<html>
<body>
<pre>
<h1>µVision Build Log</h1>
<h2>Project:</h2>
C:\Users\zacan\Dropbox\School\EE445L\ValvanoWare\GitHub\Lab1\Lab1\ST7735.uvproj
Project File Date:  01/29/2018

<h2>Output:</h2>
Build target 'ST7735'
compiling PLL.c...
compiling ST7735.c...
compiling ST7735TestMain.c...
ST7735TestMain.c(757): warning:  #1-D: last line of file ends without a newline
  */
ST7735TestMain.c: 1 warning, 0 errors
compiling fixed.c...
compiling Lab1.c...
compiling extra_credit_1.c...
extra_credit_1.c(13): warning:  #1-D: last line of file ends without a newline
  */
extra_credit_1.c: 1 warning, 0 errors
compiling extra_credit_2.c...
linking...
Program Size: Code=3884 RO-data=4324 RW-data=68 ZI-data=1028  
".\ST7735.axf" - 0 Error(s), 2 Warning(s).
-data=32 RW-data=8 ZI-data=1024  
".\ST7735.axf" - 0 Error(s), 5 Warning(s).
et CPU?
extra_credit_3.s(17): error: A1854E: Unknown opcode 'VMOV.F32', maybe wrong target CPU?
extra_credit_3.s(18): error: A1854E: Unknown opcode 'VCVT.F32.U32', maybe wrong target CPU?
extra_credit_3.s(19): error: A1854E: Unknown opcode 'VMUL.F32', maybe wrong target CPU?
extra_credit_3.s(20): error: A1854E: Unknown opcode 'VADD.F32', maybe wrong target CPU?
extra_credit_3.s(21): error: A1854E: Unknown opcode 'VSTR.F32', maybe wrong target CPU?
extra_credit_3.s(27): warning: A1313W: Missing END directive at end of file
assembling extra_credit_4.s...
extra_credit_4.s(25): warning: A1313W: Missing END directive at end of file
extra_credit_4.s(25): warning: A1581W: Added 2 bytes of padding at address 0x32
".\ST7735.axf" - 7 Error(s), 5 Warning(s).
Target not created
Error: Could not load file 'C:\Users\zacan\Dropbox\School\EE445L\ValvanoWare\GitHub\Lab1\Lab1\ST7735.axf'. Debugger aborted !
Error: Could not load file 'C:\Users\zacan\Dropbox\School\EE445L\ValvanoWare\GitHub\Lab1\Lab1\ST7735.axf'. Debugger aborted !
